{
  "stats": {
    "suites": 1,
    "tests": 8,
    "passes": 8,
    "pending": 0,
    "failures": 0,
    "start": "2019-02-01T12:02:25.744Z",
    "end": "2019-02-01T12:03:15.384Z",
    "duration": 49640,
    "testsRegistered": 8,
    "passPercent": 100,
    "pendingPercent": 0,
    "other": 0,
    "hasOther": false,
    "skipped": 0,
    "hasSkipped": false,
    "passPercentClass": "success",
    "pendingPercentClass": "danger"
  },
  "suites": {
    "uuid": "81349b5c-916a-47ef-bf5c-62c3f6746c19",
    "title": "",
    "fullFile": "",
    "file": "",
    "beforeHooks": [],
    "afterHooks": [],
    "tests": [],
    "suites": [
      {
        "uuid": "b475e823-0216-42d0-bfd8-dc042beda011",
        "title": "Test iim",
        "fullFile": "/home/florian/Documents/puppeteer-iim/test-iim_test.js",
        "file": "/test-iim_test.js",
        "beforeHooks": [
          {
            "title": "\"before all\" hook: codeceptjs.beforeSuite",
            "fullTitle": "Test iim \"before all\" hook: codeceptjs.beforeSuite",
            "timedOut": false,
            "duration": 2,
            "pass": false,
            "fail": false,
            "pending": false,
            "code": "scenario.suiteSetup(suite)",
            "err": {},
            "isRoot": false,
            "uuid": "0d357846-344e-4387-b948-c12dfa4b7dc2",
            "isHook": true,
            "skipped": false
          },
          {
            "title": "\"before each\" hook: codeceptjs.before",
            "fullTitle": "Test iim \"before each\" hook: codeceptjs.before",
            "timedOut": false,
            "duration": 675,
            "pass": false,
            "fail": false,
            "pending": false,
            "code": "scenario.setup(suite)",
            "err": {},
            "isRoot": false,
            "uuid": "9660839b-7bbc-42d8-aa42-9f8495560815",
            "isHook": true,
            "skipped": false
          }
        ],
        "afterHooks": [
          {
            "title": "\"after all\" hook: codeceptjs.afterSuite",
            "fullTitle": "Test iim \"after all\" hook: codeceptjs.afterSuite",
            "timedOut": false,
            "duration": 0,
            "pass": false,
            "fail": false,
            "pending": false,
            "code": "scenario.suiteTeardown(suite)",
            "err": {},
            "isRoot": false,
            "uuid": "895750c0-bb4a-4153-b6df-08b29d1d4da4",
            "isHook": true,
            "skipped": false
          },
          {
            "title": "\"after each\" hook: finalize codeceptjs",
            "fullTitle": "Test iim \"after each\" hook: finalize codeceptjs",
            "timedOut": false,
            "duration": 47,
            "pass": false,
            "fail": false,
            "pending": false,
            "code": "scenario.teardown(suite)",
            "err": {},
            "isRoot": false,
            "uuid": "c7365bd1-8336-4ca2-9cf2-0ba6703f3ef9",
            "isHook": true,
            "skipped": false
          }
        ],
        "tests": [
          {
            "title": "test homepage",
            "fullTitle": "Test iim: test homepage",
            "timedOut": false,
            "duration": 5044,
            "state": "passed",
            "speed": "slow",
            "pass": true,
            "fail": false,
            "pending": false,
            "code": "I.amOnPage('https://iim.fr');\nI.fillField('#wpcf7-f9356-o1 > form > div.inbound-form > p:nth-child(1) > span > input', 'John');\nI.fillField('#wpcf7-f9356-o1 > form > div.inbound-form > p:nth-child(2) > span > input', 'Lennon');",
            "err": {},
            "isRoot": false,
            "uuid": "2328d731-af2b-4264-8c41-6b28f40e015c",
            "isHook": false,
            "skipped": false
          },
          {
            "title": "test header",
            "fullTitle": "Test iim: test header",
            "timedOut": false,
            "duration": 4159,
            "state": "passed",
            "speed": "slow",
            "pass": true,
            "fail": false,
            "pending": false,
            "code": "I.amOnPage('https://iim.fr');\nI.see('L’Ecole', 'a');\nI.see('Admissions', 'a');\nI.see('Axes', 'a');\nI.see('Programmes', 'a');\nI.see('Entreprises et débouchés', 'a');\nI.see('Vie étudiante', 'a');\nI.see('Galerie', 'a');\nI.see('Blog', 'a');",
            "err": {},
            "isRoot": false,
            "uuid": "9761c9a3-f9f2-4a93-919e-98b829c0002c",
            "isHook": false,
            "skipped": false
          },
          {
            "title": "test axes",
            "fullTitle": "Test iim: test axes",
            "timedOut": false,
            "duration": 9427,
            "state": "passed",
            "speed": "slow",
            "pass": true,
            "fail": false,
            "pending": false,
            "code": "I.amOnPage('https://www.iim.fr/axes-metiers/animation-3d/');\nI.amOnPage('https://www.iim.fr/axes-metiers/developpement-web/');\nI.amOnPage('https://www.iim.fr/axes-metiers/communication-digitale-ebusiness/');\nI.amOnPage('https://www.iim.fr/axes-metiers/creation-design/');\nI.amOnPage('https://www.iim.fr/axes-metiers/animation-3d/');",
            "err": {},
            "isRoot": false,
            "uuid": "4205938a-53c8-4f5e-92f8-3274335fe071",
            "isHook": false,
            "skipped": false
          },
          {
            "title": "test facebook",
            "fullTitle": "Test iim: test facebook",
            "timedOut": false,
            "duration": 5119,
            "state": "passed",
            "speed": "slow",
            "pass": true,
            "fail": false,
            "pending": false,
            "code": "I.amOnPage('https://www.iim.fr');\nI.click('#social-media > div:nth-child(1) > a');\nI.wait(2);\nI.switchToNextTab(1);\nI.seeInCurrentUrl('https://www.facebook.com/Institut.Internet.Multimedia');",
            "err": {},
            "isRoot": false,
            "uuid": "3f27d431-2ca1-44a4-9dbc-f8bab56e8feb",
            "isHook": false,
            "skipped": false
          },
          {
            "title": "test twitter",
            "fullTitle": "Test iim: test twitter",
            "timedOut": false,
            "duration": 4616,
            "state": "passed",
            "speed": "slow",
            "pass": true,
            "fail": false,
            "pending": false,
            "code": "I.amOnPage('https://www.iim.fr');\nI.click('#social-media > div:nth-child(2) > a');\nI.wait(2);\nI.switchToNextTab(1);\nI.seeInCurrentUrl('https://twitter.com/iimparis');",
            "err": {},
            "isRoot": false,
            "uuid": "1a8e96e5-40f7-46bb-9e31-c8bb23521686",
            "isHook": false,
            "skipped": false
          },
          {
            "title": "test youtube",
            "fullTitle": "Test iim: test youtube",
            "timedOut": false,
            "duration": 5203,
            "state": "passed",
            "speed": "slow",
            "pass": true,
            "fail": false,
            "pending": false,
            "code": "I.amOnPage('https://www.iim.fr');\nI.click('#social-media > div:nth-child(3) > a');\nI.wait(2);\nI.switchToNextTab(1);\nI.seeInCurrentUrl('https://www.youtube.com/user/chaineIIM');",
            "err": {},
            "isRoot": false,
            "uuid": "24054c91-5843-4763-9b29-3c2306d3c6db",
            "isHook": false,
            "skipped": false
          },
          {
            "title": "test google",
            "fullTitle": "Test iim: test google",
            "timedOut": false,
            "duration": 4721,
            "state": "passed",
            "speed": "slow",
            "pass": true,
            "fail": false,
            "pending": false,
            "code": "I.amOnPage('https://www.iim.fr');\nI.click('#social-media > div:nth-child(4) > a');\nI.wait(2);\nI.switchToNextTab(1);\nI.seeInCurrentUrl('https://plus.google.com/+IIMfr');",
            "err": {},
            "isRoot": false,
            "uuid": "806d8bba-d007-40f1-a21b-4fa60b984e3a",
            "isHook": false,
            "skipped": false
          },
          {
            "title": "test alternance",
            "fullTitle": "Test iim: test alternance",
            "timedOut": false,
            "duration": 5445,
            "state": "passed",
            "speed": "slow",
            "pass": true,
            "fail": false,
            "pending": false,
            "code": "I.amOnPage('https://iim.fr');\nI.moveCursorTo('#menu-item-11902');\nI.click('#menu-item-11906 > a');\nI.see('Elodie Guéneau');\nI.see('elodie.gueneau@devinci.fr');\nI.click('#top > div.container.author.bloc_auteur > div.row.justify-content-around.pt-5 > div:nth-child(1) > p:nth-child(4) > a');",
            "err": {},
            "isRoot": false,
            "uuid": "55680800-9e8e-4959-9b01-fbfacbb2ee32",
            "isHook": false,
            "skipped": false
          }
        ],
        "suites": [],
        "passes": [
          "2328d731-af2b-4264-8c41-6b28f40e015c",
          "9761c9a3-f9f2-4a93-919e-98b829c0002c",
          "4205938a-53c8-4f5e-92f8-3274335fe071",
          "3f27d431-2ca1-44a4-9dbc-f8bab56e8feb",
          "1a8e96e5-40f7-46bb-9e31-c8bb23521686",
          "24054c91-5843-4763-9b29-3c2306d3c6db",
          "806d8bba-d007-40f1-a21b-4fa60b984e3a",
          "55680800-9e8e-4959-9b01-fbfacbb2ee32"
        ],
        "failures": [],
        "pending": [],
        "skipped": [],
        "duration": 43734,
        "root": false,
        "rootEmpty": false,
        "_timeout": 0
      }
    ],
    "passes": [],
    "failures": [],
    "pending": [],
    "skipped": [],
    "duration": 0,
    "root": true,
    "rootEmpty": true,
    "_timeout": 0
  },
  "copyrightYear": 2019
}